
C:\Users\IEUser\Desktop\fontmin\node_modules\ttf2woff2>if not defined npm_config_node_gyp (node "C:\Program Files\nodejs\node_modules\npm\node_modules\npm-lifecycle\node-gyp-bin\\..\..\node_modules\node-gyp\bin\node-gyp.js" configure )  else (node "C:\Program Files\nodejs\node_modules\npm\node_modules\node-gyp\bin\node-gyp.js" configure ) 

C:\Users\IEUser\Desktop\fontmin\node_modules\ttf2woff2>if not defined npm_config_node_gyp (node "C:\Program Files\nodejs\node_modules\npm\node_modules\npm-lifecycle\node-gyp-bin\\..\..\node_modules\node-gyp\bin\node-gyp.js" build )  else (node "C:\Program Files\nodejs\node_modules\npm\node_modules\node-gyp\bin\node-gyp.js" build ) 
Building the projects in this solution one at a time. To enable parallel build, please add the "/m" switch.
  addon.cc
  glyph.cc
  font.cc
c:\users\ieuser\desktop\fontmin\node_modules\ttf2woff2\csrc\woff2\font.cc(147): warning C4018: '<': signed/unsigned mismatch [C:\Users\IEUser\Desktop\fontmin\node_modules\ttf2woff2\build\addon.vcxproj]
c:\users\ieuser\desktop\fontmin\node_modules\ttf2woff2\csrc\woff2\font.cc(370): warning C4018: '>': signed/unsigned mismatch [C:\Users\IEUser\Desktop\fontmin\node_modules\ttf2woff2\build\addon.vcxproj]
  normalize.cc
  table_tags.cc
  transform.cc
  variable_length.cc
  woff2_common.cc
  woff2_enc.cc
  backward_references.cc
c:\users\ieuser\desktop\fontmin\node_modules\ttf2woff2\csrc\enc\ringbuffer.h(38): warning C4334: '<<': result of 32-bit shift implicitly converted to 64 bits (was 64-bit shift intended?) (compiling source file ..\csrc\woff2\woff2_enc.cc) [C:\Users\IEUser\Desktop\fontmin\node_modules\ttf2woff2\build\addon.vcxproj]
c:\users\ieuser\desktop\fontmin\node_modules\ttf2woff2\csrc\enc\ringbuffer.h(40): warning C4334: '<<': result of 32-bit shift implicitly converted to 64 bits (was 64-bit shift intended?) (compiling source file ..\csrc\woff2\woff2_enc.cc) [C:\Users\IEUser\Desktop\fontmin\node_modules\ttf2woff2\build\addon.vcxproj]
c:\users\ieuser\desktop\fontmin\node_modules\ttf2woff2\csrc\enc\ringbuffer.h(56): warning C4334: '<<': result of 32-bit shift implicitly converted to 64 bits (was 64-bit shift intended?) (compiling source file ..\csrc\woff2\woff2_enc.cc) [C:\Users\IEUser\Desktop\fontmin\node_modules\ttf2woff2\build\addon.vcxproj]
c:\users\ieuser\desktop\fontmin\node_modules\ttf2woff2\csrc\enc\ringbuffer.h(63): warning C4334: '<<': result of 32-bit shift implicitly converted to 64 bits (was 64-bit shift intended?) (compiling source file ..\csrc\woff2\woff2_enc.cc) [C:\Users\IEUser\Desktop\fontmin\node_modules\ttf2woff2\build\addon.vcxproj]
c:\users\ieuser\desktop\fontmin\node_modules\ttf2woff2\csrc\enc\ringbuffer.h(65): warning C4334: '<<': result of 32-bit shift implicitly converted to 64 bits (was 64-bit shift intended?) (compiling source file ..\csrc\woff2\woff2_enc.cc) [C:\Users\IEUser\Desktop\fontmin\node_modules\ttf2woff2\build\addon.vcxproj]
c:\users\ieuser\desktop\fontmin\node_modules\ttf2woff2\csrc\enc\ringbuffer.h(66): warning C4334: '<<': result of 32-bit shift implicitly converted to 64 bits (was 64-bit shift intended?) (compiling source file ..\csrc\woff2\woff2_enc.cc) [C:\Users\IEUser\Desktop\fontmin\node_modules\ttf2woff2\build\addon.vcxproj]
c:\users\ieuser\desktop\fontmin\node_modules\ttf2woff2\csrc\enc\ringbuffer.h(89): warning C4334: '<<': result of 32-bit shift implicitly converted to 64 bits (was 64-bit shift intended?) (compiling source file ..\csrc\woff2\woff2_enc.cc) [C:\Users\IEUser\Desktop\fontmin\node_modules\ttf2woff2\build\addon.vcxproj]
c:\users\ieuser\desktop\fontmin\node_modules\ttf2woff2\csrc\enc\encode.h(77): warning C4334: '<<': result of 32-bit shift implicitly converted to 64 bits (was 64-bit shift intended?) (compiling source file ..\csrc\woff2\woff2_enc.cc) [C:\Users\IEUser\Desktop\fontmin\node_modules\ttf2woff2\build\addon.vcxproj]
c:\users\ieuser\desktop\fontmin\node_modules\ttf2woff2\csrc\enc\hash.h(396): warning C4018: '>': signed/unsigned mismatch (compiling source file ..\csrc\enc\backward_references.cc) [C:\Users\IEUser\Desktop\fontmin\node_modules\ttf2woff2\build\addon.vcxproj]
  c:\users\ieuser\desktop\fontmin\node_modules\ttf2woff2\csrc\enc\hash.h(360): note: while compiling class template member function 'bool brotli::HashLongestMatch<15,8,2,16,true,false>::FindLongestMatch(const uint8_t *__restrict ,const size_t,const float *__restrict ,const size_t,const double,const int *__restrict ,const uint32_t,uint32_t,const uint32_t,int *__restrict ,int *__restrict ,int *__restrict ,double *__restrict )' (compiling source file ..\csrc\enc\backward_references.cc)
  c:\users\ieuser\desktop\fontmin\node_modules\ttf2woff2\csrc\enc\backward_references.cc(95): note: see reference to function template instantiation 'bool brotli::HashLongestMatch<15,8,2,16,true,false>::FindLongestMatch(const uint8_t *__restrict ,const size_t,const float *__restrict ,const size_t,const double,const int *__restrict ,const uint32_t,uint32_t,const uint32_t,int *__restrict ,int *__restrict ,int *__restrict ,double *__restrict )' being compiled
  c:\users\ieuser\desktop\fontmin\node_modules\ttf2woff2\csrc\enc\hash.h(612): note: see reference to class template instantiation 'brotli::HashLongestMatch<15,8,2,16,true,false>' being compiled (compiling source file ..\csrc\enc\backward_references.cc)
c:\users\ieuser\desktop\fontmin\node_modules\ttf2woff2\csrc\enc\hash.h(512): warning C4018: '<=': signed/unsigned mismatch (compiling source file ..\csrc\enc\backward_references.cc) [C:\Users\IEUser\Desktop\fontmin\node_modules\ttf2woff2\build\addon.vcxproj]
c:\users\ieuser\desktop\fontmin\node_modules\ttf2woff2\csrc\enc\hash.h(207): warning C4018: '>': signed/unsigned mismatch (compiling source file ..\csrc\enc\backward_references.cc) [C:\Users\IEUser\Desktop\fontmin\node_modules\ttf2woff2\build\addon.vcxproj]
  c:\users\ieuser\desktop\fontmin\node_modules\ttf2woff2\csrc\enc\hash.h(166): note: while compiling class template member function 'bool brotli::HashLongestMatchQuickly<17,4>::FindLongestMatch(const uint8_t *__restrict ,const size_t,const float *__restrict ,const size_t,const double,const int *__restrict ,const uint32_t,const uint32_t,const uint32_t,int *__restrict ,int *__restrict ,int *__restrict ,double *__restrict )' (compiling source file ..\csrc\enc\backward_references.cc)
  c:\users\ieuser\desktop\fontmin\node_modules\ttf2woff2\csrc\enc\backward_references.cc(95): note: see reference to function template instantiation 'bool brotli::HashLongestMatchQuickly<17,4>::FindLongestMatch(const uint8_t *__restrict ,const size_t,const float *__restrict ,const size_t,const double,const int *__restrict ,const uint32_t,const uint32_t,const uint32_t,int *__restrict ,int *__restrict ,int *__restrict ,double *__restrict )' being compiled
  c:\users\ieuser\desktop\fontmin\node_modules\ttf2woff2\csrc\enc\hash.h(605): note: see reference to class template instantiation 'brotli::HashLongestMatchQuickly<17,4>' being compiled (compiling source file ..\csrc\enc\backward_references.cc)
c:\users\ieuser\desktop\fontmin\node_modules\ttf2woff2\csrc\enc\hash.h(231): warning C4018: '>': signed/unsigned mismatch (compiling source file ..\csrc\enc\backward_references.cc) [C:\Users\IEUser\Desktop\fontmin\node_modules\ttf2woff2\build\addon.vcxproj]
c:\users\ieuser\desktop\fontmin\node_modules\ttf2woff2\csrc\enc\hash.h(261): warning C4018: '<=': signed/unsigned mismatch (compiling source file ..\csrc\enc\backward_references.cc) [C:\Users\IEUser\Desktop\fontmin\node_modules\ttf2woff2\build\addon.vcxproj]
  block_splitter.cc
  brotli_bit_stream.cc
c:\users\ieuser\desktop\fontmin\node_modules\ttf2woff2\csrc\enc\metablock.h(28): warning C4099: 'brotli::BlockSplit': type name first seen using 'class' now seen using 'struct' (compiling source file ..\csrc\enc\block_splitter.cc) [C:\Users\IEUser\Desktop\fontmin\node_modules\ttf2woff2\build\addon.vcxproj]
  c:\users\ieuser\desktop\fontmin\node_modules\ttf2woff2\csrc\enc\metablock.h(28): note: see declaration of 'brotli::BlockSplit' (compiling source file ..\csrc\enc\block_splitter.cc)
c:\users\ieuser\desktop\fontmin\node_modules\ttf2woff2\csrc\enc\metablock.h(28): warning C4099: 'brotli::BlockSplit': type name first seen using 'class' now seen using 'struct' (compiling source file ..\csrc\enc\brotli_bit_stream.cc) [C:\Users\IEUser\Desktop\fontmin\node_modules\ttf2woff2\build\addon.vcxproj]
  c:\users\ieuser\desktop\fontmin\node_modules\ttf2woff2\csrc\enc\metablock.h(28): note: see declaration of 'brotli::BlockSplit' (compiling source file ..\csrc\enc\brotli_bit_stream.cc)
  encode.cc
  encode_parallel.cc
c:\users\ieuser\desktop\fontmin\node_modules\ttf2woff2\csrc\enc\ringbuffer.h(38): warning C4334: '<<': result of 32-bit shift implicitly converted to 64 bits (was 64-bit shift intended?) (compiling source file ..\csrc\enc\encode.cc) [C:\Users\IEUser\Desktop\fontmin\node_modules\ttf2woff2\build\addon.vcxproj]
c:\users\ieuser\desktop\fontmin\node_modules\ttf2woff2\csrc\enc\ringbuffer.h(40): warning C4334: '<<': result of 32-bit shift implicitly converted to 64 bits (was 64-bit shift intended?) (compiling source file ..\csrc\enc\encode.cc) [C:\Users\IEUser\Desktop\fontmin\node_modules\ttf2woff2\build\addon.vcxproj]
c:\users\ieuser\desktop\fontmin\node_modules\ttf2woff2\csrc\enc\ringbuffer.h(56): warning C4334: '<<': result of 32-bit shift implicitly converted to 64 bits (was 64-bit shift intended?) (compiling source file ..\csrc\enc\encode.cc) [C:\Users\IEUser\Desktop\fontmin\node_modules\ttf2woff2\build\addon.vcxproj]
c:\users\ieuser\desktop\fontmin\node_modules\ttf2woff2\csrc\enc\ringbuffer.h(63): warning C4334: '<<': result of 32-bit shift implicitly converted to 64 bits (was 64-bit shift intended?) (compiling source file ..\csrc\enc\encode.cc) [C:\Users\IEUser\Desktop\fontmin\node_modules\ttf2woff2\build\addon.vcxproj]
c:\users\ieuser\desktop\fontmin\node_modules\ttf2woff2\csrc\enc\ringbuffer.h(65): warning C4334: '<<': result of 32-bit shift implicitly converted to 64 bits (was 64-bit shift intended?) (compiling source file ..\csrc\enc\encode.cc) [C:\Users\IEUser\Desktop\fontmin\node_modules\ttf2woff2\build\addon.vcxproj]
c:\users\ieuser\desktop\fontmin\node_modules\ttf2woff2\csrc\enc\ringbuffer.h(66): warning C4334: '<<': result of 32-bit shift implicitly converted to 64 bits (was 64-bit shift intended?) (compiling source file ..\csrc\enc\encode.cc) [C:\Users\IEUser\Desktop\fontmin\node_modules\ttf2woff2\build\addon.vcxproj]
c:\users\ieuser\desktop\fontmin\node_modules\ttf2woff2\csrc\enc\ringbuffer.h(89): warning C4334: '<<': result of 32-bit shift implicitly converted to 64 bits (was 64-bit shift intended?) (compiling source file ..\csrc\enc\encode.cc) [C:\Users\IEUser\Desktop\fontmin\node_modules\ttf2woff2\build\addon.vcxproj]
c:\users\ieuser\desktop\fontmin\node_modules\ttf2woff2\csrc\enc\encode.h(77): warning C4334: '<<': result of 32-bit shift implicitly converted to 64 bits (was 64-bit shift intended?) (compiling source file ..\csrc\enc\encode.cc) [C:\Users\IEUser\Desktop\fontmin\node_modules\ttf2woff2\build\addon.vcxproj]
c:\users\ieuser\desktop\fontmin\node_modules\ttf2woff2\csrc\enc\metablock.h(28): warning C4099: 'brotli::BlockSplit': type name first seen using 'class' now seen using 'struct' (compiling source file ..\csrc\enc\encode.cc) [C:\Users\IEUser\Desktop\fontmin\node_modules\ttf2woff2\build\addon.vcxproj]
  c:\users\ieuser\desktop\fontmin\node_modules\ttf2woff2\csrc\enc\metablock.h(28): note: see declaration of 'brotli::BlockSplit' (compiling source file ..\csrc\enc\encode.cc)
  entropy_encode.cc
c:\users\ieuser\desktop\fontmin\node_modules\ttf2woff2\csrc\enc\ringbuffer.h(38): warning C4334: '<<': result of 32-bit shift implicitly converted to 64 bits (was 64-bit shift intended?) (compiling source file ..\csrc\enc\encode_parallel.cc) [C:\Users\IEUser\Desktop\fontmin\node_modules\ttf2woff2\build\addon.vcxproj]
c:\users\ieuser\desktop\fontmin\node_modules\ttf2woff2\csrc\enc\ringbuffer.h(40): warning C4334: '<<': result of 32-bit shift implicitly converted to 64 bits (was 64-bit shift intended?) (compiling source file ..\csrc\enc\encode_parallel.cc) [C:\Users\IEUser\Desktop\fontmin\node_modules\ttf2woff2\build\addon.vcxproj]
c:\users\ieuser\desktop\fontmin\node_modules\ttf2woff2\csrc\enc\ringbuffer.h(56): warning C4334: '<<': result of 32-bit shift implicitly converted to 64 bits (was 64-bit shift intended?) (compiling source file ..\csrc\enc\encode_parallel.cc) [C:\Users\IEUser\Desktop\fontmin\node_modules\ttf2woff2\build\addon.vcxproj]
c:\users\ieuser\desktop\fontmin\node_modules\ttf2woff2\csrc\enc\ringbuffer.h(63): warning C4334: '<<': result of 32-bit shift implicitly converted to 64 bits (was 64-bit shift intended?) (compiling source file ..\csrc\enc\encode_parallel.cc) [C:\Users\IEUser\Desktop\fontmin\node_modules\ttf2woff2\build\addon.vcxproj]
c:\users\ieuser\desktop\fontmin\node_modules\ttf2woff2\csrc\enc\ringbuffer.h(65): warning C4334: '<<': result of 32-bit shift implicitly converted to 64 bits (was 64-bit shift intended?) (compiling source file ..\csrc\enc\encode_parallel.cc) [C:\Users\IEUser\Desktop\fontmin\node_modules\ttf2woff2\build\addon.vcxproj]
c:\users\ieuser\desktop\fontmin\node_modules\ttf2woff2\csrc\enc\ringbuffer.h(66): warning C4334: '<<': result of 32-bit shift implicitly converted to 64 bits (was 64-bit shift intended?) (compiling source file ..\csrc\enc\encode_parallel.cc) [C:\Users\IEUser\Desktop\fontmin\node_modules\ttf2woff2\build\addon.vcxproj]
c:\users\ieuser\desktop\fontmin\node_modules\ttf2woff2\csrc\enc\ringbuffer.h(89): warning C4334: '<<': result of 32-bit shift implicitly converted to 64 bits (was 64-bit shift intended?) (compiling source file ..\csrc\enc\encode_parallel.cc) [C:\Users\IEUser\Desktop\fontmin\node_modules\ttf2woff2\build\addon.vcxproj]
c:\users\ieuser\desktop\fontmin\node_modules\ttf2woff2\csrc\enc\encode.h(77): warning C4334: '<<': result of 32-bit shift implicitly converted to 64 bits (was 64-bit shift intended?) (compiling source file ..\csrc\enc\encode_parallel.cc) [C:\Users\IEUser\Desktop\fontmin\node_modules\ttf2woff2\build\addon.vcxproj]
c:\users\ieuser\desktop\fontmin\node_modules\ttf2woff2\csrc\enc\metablock.h(28): warning C4099: 'brotli::BlockSplit': type name first seen using 'class' now seen using 'struct' (compiling source file ..\csrc\enc\encode_parallel.cc) [C:\Users\IEUser\Desktop\fontmin\node_modules\ttf2woff2\build\addon.vcxproj]
  c:\users\ieuser\desktop\fontmin\node_modules\ttf2woff2\csrc\enc\metablock.h(28): note: see declaration of 'brotli::BlockSplit' (compiling source file ..\csrc\enc\encode_parallel.cc)
c:\users\ieuser\desktop\fontmin\node_modules\ttf2woff2\csrc\enc\entropy_encode.cc(377): warning C4018: '<': signed/unsigned mismatch [C:\Users\IEUser\Desktop\fontmin\node_modules\ttf2woff2\build\addon.vcxproj]
c:\users\ieuser\desktop\fontmin\node_modules\ttf2woff2\csrc\enc\entropy_encode.cc(380): warning C4018: '<': signed/unsigned mismatch [C:\Users\IEUser\Desktop\fontmin\node_modules\ttf2woff2\build\addon.vcxproj]
c:\users\ieuser\desktop\fontmin\node_modules\ttf2woff2\csrc\enc\encode_parallel.cc(313): warning C4334: '<<': result of 32-bit shift implicitly converted to 64 bits (was 64-bit shift intended?) [C:\Users\IEUser\Desktop\fontmin\node_modules\ttf2woff2\build\addon.vcxproj]
c:\users\ieuser\desktop\fontmin\node_modules\ttf2woff2\csrc\enc\entropy_encode.cc(407): warning C4018: '<': signed/unsigned mismatch [C:\Users\IEUser\Desktop\fontmin\node_modules\ttf2woff2\build\addon.vcxproj]
c:\users\ieuser\desktop\fontmin\node_modules\ttf2woff2\csrc\enc\entropy_encode.cc(426): warning C4018: '<': signed/unsigned mismatch [C:\Users\IEUser\Desktop\fontmin\node_modules\ttf2woff2\build\addon.vcxproj]
c:\users\ieuser\desktop\fontmin\node_modules\ttf2woff2\csrc\enc\entropy_encode.cc(431): warning C4018: '<': signed/unsigned mismatch [C:\Users\IEUser\Desktop\fontmin\node_modules\ttf2woff2\build\addon.vcxproj]
  histogram.cc
  literal_cost.cc
c:\users\ieuser\desktop\fontmin\node_modules\ttf2woff2\csrc\enc\metablock.h(28): warning C4099: 'brotli::BlockSplit': type name first seen using 'class' now seen using 'struct' (compiling source file ..\csrc\enc\histogram.cc) [C:\Users\IEUser\Desktop\fontmin\node_modules\ttf2woff2\build\addon.vcxproj]
  c:\users\ieuser\desktop\fontmin\node_modules\ttf2woff2\csrc\enc\metablock.h(28): note: see declaration of 'brotli::BlockSplit' (compiling source file ..\csrc\enc\histogram.cc)
  metablock.cc
c:\users\ieuser\desktop\fontmin\node_modules\ttf2woff2\csrc\enc\literal_cost.cc(117): warning C4305: '+=': truncation from 'double' to 'float' [C:\Users\IEUser\Desktop\fontmin\node_modules\ttf2woff2\build\addon.vcxproj]
c:\users\ieuser\desktop\fontmin\node_modules\ttf2woff2\csrc\enc\literal_cost.cc(162): warning C4305: '+=': truncation from 'double' to 'float' [C:\Users\IEUser\Desktop\fontmin\node_modules\ttf2woff2\build\addon.vcxproj]
  streams.cc
c:\users\ieuser\desktop\fontmin\node_modules\ttf2woff2\csrc\enc\metablock.h(28): warning C4099: 'brotli::BlockSplit': type name first seen using 'class' now seen using 'struct' (compiling source file ..\csrc\enc\metablock.cc) [C:\Users\IEUser\Desktop\fontmin\node_modules\ttf2woff2\build\addon.vcxproj]
  c:\users\ieuser\desktop\fontmin\node_modules\ttf2woff2\csrc\enc\metablock.h(28): note: see declaration of 'brotli::BlockSplit' (compiling source file ..\csrc\enc\metablock.cc)
  win_delay_load_hook.cc
     Creating library C:\Users\IEUser\Desktop\fontmin\node_modules\ttf2woff2\build\Release\addon.lib and object C:\Users\IEUser\Desktop\fontmin\node_modules\ttf2woff2\build\Release\addon.exp
  Generating code
  All 3349 functions were compiled because no usable IPDB/IOBJ from previous compilation was found.
  Finished generating code
  addon.vcxproj -> C:\Users\IEUser\Desktop\fontmin\node_modules\ttf2woff2\build\Release\\addon.node
